{
  "RSpec": {
    "coverage": {
      "/Users/laura/Projects/BrowserQuiz/spec/feature/quizpage_spec.rb": [
        1,
        1,
        1,
        1,
        null,
        null
      ],
      "/Users/laura/Projects/BrowserQuiz/spec/unit/quiz_god_spec.rb": [
        1,
        null,
        1,
        1,
        1,
        1,
        null,
        1,
        null,
        null,
        null
      ],
      "/Users/laura/Projects/BrowserQuiz/spec/unit/quiz_master_spec.rb": [
        1,
        null,
        1,
        1,
        1,
        1,
        null,
        null,
        null
      ],
      "/Users/laura/Projects/BrowserQuiz/spec/unit/quiz_teller_spec.rb": [
        1,
        null,
        1,
        1,
        1,
        1,
        null,
        null,
        null
      ]
    },
    "timestamp": 1537965654
  }
}
